  ChunkManager.cpp
C:\Mes jeux\OpenGL\Nimbus-Miner_-_Bedrock-edition\GameFiles\Nimbus Miner - Bedrock edition\Source\Game\ChunkGeneration\ChunkMeshData.h(29,49): warning C4267: '=' : conversion de 'size_t' en 'unsigned int', perte possible de données
  (compiler le fichier source 'Source/Game/ChunkGeneration/ChunkManager/ChunkManager.cpp')
  
  LINK : C:\Mes jeux\OpenGL\Nimbus-Miner_-_Bedrock-edition\GameFiles\Nimbus Miner - Bedrock edition\x64\Debug\Nimbus Miner - Bedrock edition.exe introuvable ou non généré par la dernière édition de liens incrémentielle ; édition de liens complète en cours
imgui.obj : warning LNK4099: PDB '' n'a pu être trouvé avec 'imgui.obj' ou sur '' ; l'objet sera lié sans informations de débogage
imgui_demo.obj : warning LNK4099: PDB '' n'a pu être trouvé avec 'imgui_demo.obj' ou sur '' ; l'objet sera lié sans informations de débogage
imgui_draw.obj : warning LNK4099: PDB '' n'a pu être trouvé avec 'imgui_draw.obj' ou sur '' ; l'objet sera lié sans informations de débogage
imgui_impl_glfw_gl3.obj : warning LNK4099: PDB '' n'a pu être trouvé avec 'imgui_impl_glfw_gl3.obj' ou sur '' ; l'objet sera lié sans informations de débogage
stb_image.obj : warning LNK4099: PDB '' n'a pu être trouvé avec 'stb_image.obj' ou sur '' ; l'objet sera lié sans informations de débogage
ConsoleTextColorizer.obj : warning LNK4099: PDB '' n'a pu être trouvé avec 'ConsoleTextColorizer.obj' ou sur '' ; l'objet sera lié sans informations de débogage
MessageDebugger.obj : warning LNK4099: PDB '' n'a pu être trouvé avec 'MessageDebugger.obj' ou sur '' ; l'objet sera lié sans informations de débogage
OpenGlDebugger.obj : warning LNK4099: PDB '' n'a pu être trouvé avec 'OpenGlDebugger.obj' ou sur '' ; l'objet sera lié sans informations de débogage
RuntimeLogger.obj : warning LNK4099: PDB '' n'a pu être trouvé avec 'RuntimeLogger.obj' ou sur '' ; l'objet sera lié sans informations de débogage
Application.obj : warning LNK4099: PDB '' n'a pu être trouvé avec 'Application.obj' ou sur '' ; l'objet sera lié sans informations de débogage
InputsDetector.obj : warning LNK4099: PDB '' n'a pu être trouvé avec 'InputsDetector.obj' ou sur '' ; l'objet sera lié sans informations de débogage
Camera.obj : warning LNK4099: PDB '' n'a pu être trouvé avec 'Camera.obj' ou sur '' ; l'objet sera lié sans informations de débogage
IndexBufferObject.obj : warning LNK4099: PDB '' n'a pu être trouvé avec 'IndexBufferObject.obj' ou sur '' ; l'objet sera lié sans informations de débogage
Renderer.obj : warning LNK4099: PDB '' n'a pu être trouvé avec 'Renderer.obj' ou sur '' ; l'objet sera lié sans informations de débogage
Shader.obj : warning LNK4099: PDB '' n'a pu être trouvé avec 'Shader.obj' ou sur '' ; l'objet sera lié sans informations de débogage
Texture.obj : warning LNK4099: PDB '' n'a pu être trouvé avec 'Texture.obj' ou sur '' ; l'objet sera lié sans informations de débogage
Texture2DArray.obj : warning LNK4099: PDB '' n'a pu être trouvé avec 'Texture2DArray.obj' ou sur '' ; l'objet sera lié sans informations de débogage
Vector.obj : warning LNK4099: PDB '' n'a pu être trouvé avec 'Vector.obj' ou sur '' ; l'objet sera lié sans informations de débogage
Vertex.obj : warning LNK4099: PDB '' n'a pu être trouvé avec 'Vertex.obj' ou sur '' ; l'objet sera lié sans informations de débogage
VertexArrayObject.obj : warning LNK4099: PDB '' n'a pu être trouvé avec 'VertexArrayObject.obj' ou sur '' ; l'objet sera lié sans informations de débogage
VertexBufferObject.obj : warning LNK4099: PDB '' n'a pu être trouvé avec 'VertexBufferObject.obj' ou sur '' ; l'objet sera lié sans informations de débogage
VertexBufferLayoutObject.obj : warning LNK4099: PDB '' n'a pu être trouvé avec 'VertexBufferLayoutObject.obj' ou sur '' ; l'objet sera lié sans informations de débogage
GreedyChunk.obj : warning LNK4099: PDB '' n'a pu être trouvé avec 'GreedyChunk.obj' ou sur '' ; l'objet sera lié sans informations de débogage
glew32s.lib(glew.obj) : warning LNK4099: PDB '' n'a pu être trouvé avec 'glew32s.lib(glew.obj)' ou sur '' ; l'objet sera lié sans informations de débogage
LINK : warning LNK4098: conflit entre la bibliothèque par défaut 'LIBCMT' et les autres bibliothèques ; utilisez /NODEFAULTLIB:library
LINK : warning LNK4098: conflit entre la bibliothèque par défaut 'MSVCRT' et les autres bibliothèques ; utilisez /NODEFAULTLIB:library
  Nimbus Miner - Bedrock edition.vcxproj -> C:\Mes jeux\OpenGL\Nimbus-Miner_-_Bedrock-edition\GameFiles\Nimbus Miner - Bedrock edition\x64\Debug\Nimbus Miner - Bedrock edition.exe
