  imgui.cpp
  imgui_demo.cpp
  imgui_draw.cpp
  imgui_impl_glfw_gl3.cpp
  stb_image.cpp
  ConsoleTextColorizer.cpp
  MessageDebugger.cpp
  OpenGlDebugger.cpp
  RuntimeLogger.cpp
C:\Program Files\Microsoft Visual Studio\2022\Community\VC\Tools\MSVC\14.43.34808\include\filesystem(12): warning STL4038: The contents of <filesystem> are available only with C++17 or later.
  Application.cpp
C:\Program Files (x86)\Windows Kits\10\Include\10.0.22621.0\shared\minwindef.h(130,9): warning C4005: 'APIENTRY' : redéfinition de macro
  (compiler le fichier source 'Source/Application.cpp')
      C:\Mes jeux\OpenGL\Nimbus-Miner_-_Bedrock-edition\GameFiles\Nimbus Miner - Bedrock edition\Dependencies\GLFW\include\GLFW\glfw3.h(123,11):
      voir la définition précédente de « APIENTRY »
  
C:\Mes jeux\OpenGL\Nimbus-Miner_-_Bedrock-edition\GameFiles\Nimbus Miner - Bedrock edition\Source\Game\ChunkGeneration\ChunkMeshData.h(29,49): warning C4267: '=' : conversion de 'size_t' en 'unsigned int', perte possible de données
  (compiler le fichier source 'Source/Application.cpp')
  
  InputsDetector.cpp
C:\Program Files (x86)\Windows Kits\10\Include\10.0.22621.0\shared\minwindef.h(130,9): warning C4005: 'APIENTRY' : redéfinition de macro
  (compiler le fichier source 'Source/Engine/Inputs/InputsDetector.cpp')
      C:\Mes jeux\OpenGL\Nimbus-Miner_-_Bedrock-edition\GameFiles\Nimbus Miner - Bedrock edition\Dependencies\GLFW\include\GLFW\glfw3.h(123,11):
      voir la définition précédente de « APIENTRY »
  
  Camera.cpp
  IndexBufferObject.cpp
  Renderer.cpp
  Shader.cpp
  Texture.cpp
  Texture2DArray.cpp
  Vector.cpp
  Vertex.cpp
  VertexArrayObject.cpp
C:\Mes jeux\OpenGL\Nimbus-Miner_-_Bedrock-edition\GameFiles\Nimbus Miner - Bedrock edition\Source\Engine\Rendering\VertexArrayObject.cpp(40,13): warning C4312: 'cast de type' : la conversion de 'unsigned int' en 'const void *' d'une taille supérieure
  Compilation en cours...
  VertexBufferObject.cpp
  VertexBufferLayoutObject.cpp
  ChunkManager.cpp
C:\Mes jeux\OpenGL\Nimbus-Miner_-_Bedrock-edition\GameFiles\Nimbus Miner - Bedrock edition\Source\Game\ChunkGeneration\ChunkMeshData.h(29,49): warning C4267: '=' : conversion de 'size_t' en 'unsigned int', perte possible de données
  (compiler le fichier source 'Source/Game/ChunkGeneration/ChunkManager/ChunkManager.cpp')
  
GreedyChunk.obj : warning LNK4075: ' /EDITANDCONTINUE' ignoré à cause de la spécification '/OPT:ICF'
LINK : warning LNK4098: conflit entre la bibliothèque par défaut 'LIBCMT' et les autres bibliothèques ; utilisez /NODEFAULTLIB:library
  Génération de code en cours
  Previous IPDB not found, fall back to full compilation.
  All 2263 functions were compiled because no usable IPDB/IOBJ from previous compilation was found.
  Fin de la génération du code
glew32s.lib(glew.obj) : warning LNK4099: PDB '' n'a pu être trouvé avec 'glew32s.lib(glew.obj)' ou sur '' ; l'objet sera lié sans informations de débogage
  Nimbus Miner - Bedrock edition.vcxproj -> C:\Mes jeux\OpenGL\Nimbus-Miner_-_Bedrock-edition\GameFiles\Nimbus Miner - Bedrock edition\x64\Release\Nimbus Miner - Bedrock edition.exe
