[2025-03-18 10:57:35] (0) :
========================
 = New program launch = 
========================




[2025-03-18 10:57:35] C:\Mes jeux\OpenGL\Nimbus-Miner_-_Bedrock-edition\GameFiles\Nimbus Miner - Bedrock edition\ExternalTools\MessageDebugger\MessageDebugger.cpp(157) :
MESSAGE : I'm a message called by a macro

[2025-03-18 10:57:35] C:\Mes jeux\OpenGL\Nimbus-Miner_-_Bedrock-edition\GameFiles\Nimbus Miner - Bedrock edition\ExternalTools\MessageDebugger\MessageDebugger.cpp(159) :
CUSTOM MESSAGE : I'm a custom message called by a macro (should be Green)

[2025-03-18 10:57:35] C:\Mes jeux\OpenGL\Nimbus-Miner_-_Bedrock-edition\GameFiles\Nimbus Miner - Bedrock edition\ExternalTools\MessageDebugger\MessageDebugger.cpp(168) :
WARNING ! I'm a warning called by a macro

[2025-03-18 10:57:35] C:\Mes jeux\OpenGL\Nimbus-Miner_-_Bedrock-edition\GameFiles\Nimbus Miner - Bedrock edition\ExternalTools\MessageDebugger\MessageDebugger.cpp(169) :
WARNING ! I'm a warning called by a macro, with only the prefix colored

[2025-03-18 10:57:35] C:\Mes jeux\OpenGL\Nimbus-Miner_-_Bedrock-edition\GameFiles\Nimbus Miner - Bedrock edition\ExternalTools\MessageDebugger\MessageDebugger.cpp(178) :
ERROR ! I'm an error called by a macro

[2025-03-18 10:57:35] C:\Mes jeux\OpenGL\Nimbus-Miner_-_Bedrock-edition\GameFiles\Nimbus Miner - Bedrock edition\ExternalTools\MessageDebugger\MessageDebugger.cpp(179) :
ERROR ! I'm an error called by a macro, with only the prefix colored

[2025-03-18 11:45:22] (0) :
========================
 = New program launch = 
========================




[2025-03-18 11:45:22] C:\Mes jeux\OpenGL\Nimbus-Miner_-_Bedrock-edition\GameFiles\Nimbus Miner - Bedrock edition\ExternalTools\MessageDebugger\MessageDebugger.cpp(157) :
MESSAGE : I'm a message called by a macro

[2025-03-18 11:45:22] C:\Mes jeux\OpenGL\Nimbus-Miner_-_Bedrock-edition\GameFiles\Nimbus Miner - Bedrock edition\ExternalTools\MessageDebugger\MessageDebugger.cpp(159) :
CUSTOM MESSAGE : I'm a custom message called by a macro (should be Green)

[2025-03-18 11:45:22] C:\Mes jeux\OpenGL\Nimbus-Miner_-_Bedrock-edition\GameFiles\Nimbus Miner - Bedrock edition\ExternalTools\MessageDebugger\MessageDebugger.cpp(168) :
WARNING ! I'm a warning called by a macro

[2025-03-18 11:45:22] C:\Mes jeux\OpenGL\Nimbus-Miner_-_Bedrock-edition\GameFiles\Nimbus Miner - Bedrock edition\ExternalTools\MessageDebugger\MessageDebugger.cpp(169) :
WARNING ! I'm a warning called by a macro, with only the prefix colored

[2025-03-18 11:45:22] C:\Mes jeux\OpenGL\Nimbus-Miner_-_Bedrock-edition\GameFiles\Nimbus Miner - Bedrock edition\ExternalTools\MessageDebugger\MessageDebugger.cpp(178) :
ERROR ! I'm an error called by a macro

[2025-03-18 11:45:22] C:\Mes jeux\OpenGL\Nimbus-Miner_-_Bedrock-edition\GameFiles\Nimbus Miner - Bedrock edition\ExternalTools\MessageDebugger\MessageDebugger.cpp(179) :
ERROR ! I'm an error called by a macro, with only the prefix colored

[2025-03-18 11:45:49] (0) :
========================
 = New program launch = 
========================




[2025-03-18 11:45:49] C:\Mes jeux\OpenGL\Nimbus-Miner_-_Bedrock-edition\GameFiles\Nimbus Miner - Bedrock edition\ExternalTools\MessageDebugger\MessageDebugger.cpp(157) :
MESSAGE : I'm a message called by a macro

[2025-03-18 11:45:49] C:\Mes jeux\OpenGL\Nimbus-Miner_-_Bedrock-edition\GameFiles\Nimbus Miner - Bedrock edition\ExternalTools\MessageDebugger\MessageDebugger.cpp(159) :
CUSTOM MESSAGE : I'm a custom message called by a macro (should be Green)

[2025-03-18 11:45:49] C:\Mes jeux\OpenGL\Nimbus-Miner_-_Bedrock-edition\GameFiles\Nimbus Miner - Bedrock edition\ExternalTools\MessageDebugger\MessageDebugger.cpp(168) :
WARNING ! I'm a warning called by a macro

[2025-03-18 11:45:49] C:\Mes jeux\OpenGL\Nimbus-Miner_-_Bedrock-edition\GameFiles\Nimbus Miner - Bedrock edition\ExternalTools\MessageDebugger\MessageDebugger.cpp(169) :
WARNING ! I'm a warning called by a macro, with only the prefix colored

[2025-03-18 11:45:49] C:\Mes jeux\OpenGL\Nimbus-Miner_-_Bedrock-edition\GameFiles\Nimbus Miner - Bedrock edition\ExternalTools\MessageDebugger\MessageDebugger.cpp(178) :
ERROR ! I'm an error called by a macro

[2025-03-18 11:45:49] C:\Mes jeux\OpenGL\Nimbus-Miner_-_Bedrock-edition\GameFiles\Nimbus Miner - Bedrock edition\ExternalTools\MessageDebugger\MessageDebugger.cpp(179) :
ERROR ! I'm an error called by a macro, with only the prefix colored

[2025-03-18 11:46:05] (0) :
========================
 = New program launch = 
========================




[2025-03-18 11:46:05] C:\Mes jeux\OpenGL\Nimbus-Miner_-_Bedrock-edition\GameFiles\Nimbus Miner - Bedrock edition\ExternalTools\MessageDebugger\MessageDebugger.cpp(157) :
MESSAGE : I'm a message called by a macro

[2025-03-18 11:46:05] C:\Mes jeux\OpenGL\Nimbus-Miner_-_Bedrock-edition\GameFiles\Nimbus Miner - Bedrock edition\ExternalTools\MessageDebugger\MessageDebugger.cpp(159) :
CUSTOM MESSAGE : I'm a custom message called by a macro (should be Green)

[2025-03-18 11:46:05] C:\Mes jeux\OpenGL\Nimbus-Miner_-_Bedrock-edition\GameFiles\Nimbus Miner - Bedrock edition\ExternalTools\MessageDebugger\MessageDebugger.cpp(168) :
WARNING ! I'm a warning called by a macro

[2025-03-18 11:46:05] C:\Mes jeux\OpenGL\Nimbus-Miner_-_Bedrock-edition\GameFiles\Nimbus Miner - Bedrock edition\ExternalTools\MessageDebugger\MessageDebugger.cpp(169) :
WARNING ! I'm a warning called by a macro, with only the prefix colored

[2025-03-18 11:46:05] C:\Mes jeux\OpenGL\Nimbus-Miner_-_Bedrock-edition\GameFiles\Nimbus Miner - Bedrock edition\ExternalTools\MessageDebugger\MessageDebugger.cpp(178) :
ERROR ! I'm an error called by a macro

[2025-03-18 11:46:05] C:\Mes jeux\OpenGL\Nimbus-Miner_-_Bedrock-edition\GameFiles\Nimbus Miner - Bedrock edition\ExternalTools\MessageDebugger\MessageDebugger.cpp(179) :
ERROR ! I'm an error called by a macro, with only the prefix colored

[2025-03-18 11:46:21] (0) :
========================
 = New program launch = 
========================




[2025-03-18 11:46:21] C:\Mes jeux\OpenGL\Nimbus-Miner_-_Bedrock-edition\GameFiles\Nimbus Miner - Bedrock edition\ExternalTools\MessageDebugger\MessageDebugger.cpp(157) :
MESSAGE : I'm a message called by a macro

[2025-03-18 11:46:21] C:\Mes jeux\OpenGL\Nimbus-Miner_-_Bedrock-edition\GameFiles\Nimbus Miner - Bedrock edition\ExternalTools\MessageDebugger\MessageDebugger.cpp(159) :
CUSTOM MESSAGE : I'm a custom message called by a macro (should be Green)

[2025-03-18 11:46:21] C:\Mes jeux\OpenGL\Nimbus-Miner_-_Bedrock-edition\GameFiles\Nimbus Miner - Bedrock edition\ExternalTools\MessageDebugger\MessageDebugger.cpp(168) :
WARNING ! I'm a warning called by a macro

[2025-03-18 11:46:21] C:\Mes jeux\OpenGL\Nimbus-Miner_-_Bedrock-edition\GameFiles\Nimbus Miner - Bedrock edition\ExternalTools\MessageDebugger\MessageDebugger.cpp(169) :
WARNING ! I'm a warning called by a macro, with only the prefix colored

[2025-03-18 11:46:21] C:\Mes jeux\OpenGL\Nimbus-Miner_-_Bedrock-edition\GameFiles\Nimbus Miner - Bedrock edition\ExternalTools\MessageDebugger\MessageDebugger.cpp(178) :
ERROR ! I'm an error called by a macro

[2025-03-18 11:46:21] C:\Mes jeux\OpenGL\Nimbus-Miner_-_Bedrock-edition\GameFiles\Nimbus Miner - Bedrock edition\ExternalTools\MessageDebugger\MessageDebugger.cpp(179) :
ERROR ! I'm an error called by a macro, with only the prefix colored

[2025-03-18 11:55:48] (0) :
========================
 = New program launch = 
========================




[2025-03-18 11:55:48] C:\Mes jeux\OpenGL\Nimbus-Miner_-_Bedrock-edition\GameFiles\Nimbus Miner - Bedrock edition\ExternalTools\MessageDebugger\MessageDebugger.cpp(157) :
MESSAGE : I'm a message called by a macro

[2025-03-18 11:55:48] C:\Mes jeux\OpenGL\Nimbus-Miner_-_Bedrock-edition\GameFiles\Nimbus Miner - Bedrock edition\ExternalTools\MessageDebugger\MessageDebugger.cpp(159) :
CUSTOM MESSAGE : I'm a custom message called by a macro (should be Green)

[2025-03-18 11:55:48] C:\Mes jeux\OpenGL\Nimbus-Miner_-_Bedrock-edition\GameFiles\Nimbus Miner - Bedrock edition\ExternalTools\MessageDebugger\MessageDebugger.cpp(168) :
WARNING ! I'm a warning called by a macro

[2025-03-18 11:55:48] C:\Mes jeux\OpenGL\Nimbus-Miner_-_Bedrock-edition\GameFiles\Nimbus Miner - Bedrock edition\ExternalTools\MessageDebugger\MessageDebugger.cpp(169) :
WARNING ! I'm a warning called by a macro, with only the prefix colored

[2025-03-18 11:55:48] C:\Mes jeux\OpenGL\Nimbus-Miner_-_Bedrock-edition\GameFiles\Nimbus Miner - Bedrock edition\ExternalTools\MessageDebugger\MessageDebugger.cpp(178) :
ERROR ! I'm an error called by a macro

[2025-03-18 11:55:48] C:\Mes jeux\OpenGL\Nimbus-Miner_-_Bedrock-edition\GameFiles\Nimbus Miner - Bedrock edition\ExternalTools\MessageDebugger\MessageDebugger.cpp(179) :
ERROR ! I'm an error called by a macro, with only the prefix colored

[2025-03-18 11:55:57] (0) :
========================
 = New program launch = 
========================




[2025-03-18 11:55:57] C:\Mes jeux\OpenGL\Nimbus-Miner_-_Bedrock-edition\GameFiles\Nimbus Miner - Bedrock edition\ExternalTools\MessageDebugger\MessageDebugger.cpp(157) :
MESSAGE : I'm a message called by a macro

[2025-03-18 11:55:57] C:\Mes jeux\OpenGL\Nimbus-Miner_-_Bedrock-edition\GameFiles\Nimbus Miner - Bedrock edition\ExternalTools\MessageDebugger\MessageDebugger.cpp(159) :
CUSTOM MESSAGE : I'm a custom message called by a macro (should be Green)

[2025-03-18 11:55:57] C:\Mes jeux\OpenGL\Nimbus-Miner_-_Bedrock-edition\GameFiles\Nimbus Miner - Bedrock edition\ExternalTools\MessageDebugger\MessageDebugger.cpp(168) :
WARNING ! I'm a warning called by a macro

[2025-03-18 11:55:57] C:\Mes jeux\OpenGL\Nimbus-Miner_-_Bedrock-edition\GameFiles\Nimbus Miner - Bedrock edition\ExternalTools\MessageDebugger\MessageDebugger.cpp(169) :
WARNING ! I'm a warning called by a macro, with only the prefix colored

[2025-03-18 11:55:57] C:\Mes jeux\OpenGL\Nimbus-Miner_-_Bedrock-edition\GameFiles\Nimbus Miner - Bedrock edition\ExternalTools\MessageDebugger\MessageDebugger.cpp(178) :
ERROR ! I'm an error called by a macro

[2025-03-18 11:55:57] C:\Mes jeux\OpenGL\Nimbus-Miner_-_Bedrock-edition\GameFiles\Nimbus Miner - Bedrock edition\ExternalTools\MessageDebugger\MessageDebugger.cpp(179) :
ERROR ! I'm an error called by a macro, with only the prefix colored

[2025-03-18 11:56:06] (0) :
========================
 = New program launch = 
========================




[2025-03-18 11:56:06] C:\Mes jeux\OpenGL\Nimbus-Miner_-_Bedrock-edition\GameFiles\Nimbus Miner - Bedrock edition\ExternalTools\MessageDebugger\MessageDebugger.cpp(157) :
MESSAGE : I'm a message called by a macro

[2025-03-18 11:56:06] C:\Mes jeux\OpenGL\Nimbus-Miner_-_Bedrock-edition\GameFiles\Nimbus Miner - Bedrock edition\ExternalTools\MessageDebugger\MessageDebugger.cpp(159) :
CUSTOM MESSAGE : I'm a custom message called by a macro (should be Green)

[2025-03-18 11:56:06] C:\Mes jeux\OpenGL\Nimbus-Miner_-_Bedrock-edition\GameFiles\Nimbus Miner - Bedrock edition\ExternalTools\MessageDebugger\MessageDebugger.cpp(168) :
WARNING ! I'm a warning called by a macro

[2025-03-18 11:56:06] C:\Mes jeux\OpenGL\Nimbus-Miner_-_Bedrock-edition\GameFiles\Nimbus Miner - Bedrock edition\ExternalTools\MessageDebugger\MessageDebugger.cpp(169) :
WARNING ! I'm a warning called by a macro, with only the prefix colored

[2025-03-18 11:56:06] C:\Mes jeux\OpenGL\Nimbus-Miner_-_Bedrock-edition\GameFiles\Nimbus Miner - Bedrock edition\ExternalTools\MessageDebugger\MessageDebugger.cpp(178) :
ERROR ! I'm an error called by a macro

[2025-03-18 11:56:06] C:\Mes jeux\OpenGL\Nimbus-Miner_-_Bedrock-edition\GameFiles\Nimbus Miner - Bedrock edition\ExternalTools\MessageDebugger\MessageDebugger.cpp(179) :
ERROR ! I'm an error called by a macro, with only the prefix colored

[2025-03-18 11:56:34] (0) :
========================
 = New program launch = 
========================




[2025-03-18 11:56:34] C:\Mes jeux\OpenGL\Nimbus-Miner_-_Bedrock-edition\GameFiles\Nimbus Miner - Bedrock edition\ExternalTools\MessageDebugger\MessageDebugger.cpp(157) :
MESSAGE : I'm a message called by a macro

[2025-03-18 11:56:34] C:\Mes jeux\OpenGL\Nimbus-Miner_-_Bedrock-edition\GameFiles\Nimbus Miner - Bedrock edition\ExternalTools\MessageDebugger\MessageDebugger.cpp(159) :
CUSTOM MESSAGE : I'm a custom message called by a macro (should be Green)

[2025-03-18 11:56:34] C:\Mes jeux\OpenGL\Nimbus-Miner_-_Bedrock-edition\GameFiles\Nimbus Miner - Bedrock edition\ExternalTools\MessageDebugger\MessageDebugger.cpp(168) :
WARNING ! I'm a warning called by a macro

[2025-03-18 11:56:34] C:\Mes jeux\OpenGL\Nimbus-Miner_-_Bedrock-edition\GameFiles\Nimbus Miner - Bedrock edition\ExternalTools\MessageDebugger\MessageDebugger.cpp(169) :
WARNING ! I'm a warning called by a macro, with only the prefix colored

[2025-03-18 11:56:34] C:\Mes jeux\OpenGL\Nimbus-Miner_-_Bedrock-edition\GameFiles\Nimbus Miner - Bedrock edition\ExternalTools\MessageDebugger\MessageDebugger.cpp(178) :
ERROR ! I'm an error called by a macro

[2025-03-18 11:56:34] C:\Mes jeux\OpenGL\Nimbus-Miner_-_Bedrock-edition\GameFiles\Nimbus Miner - Bedrock edition\ExternalTools\MessageDebugger\MessageDebugger.cpp(179) :
ERROR ! I'm an error called by a macro, with only the prefix colored

[2025-03-18 11:57:36] (0) :
========================
 = New program launch = 
========================




[2025-03-18 11:57:36] C:\Mes jeux\OpenGL\Nimbus-Miner_-_Bedrock-edition\GameFiles\Nimbus Miner - Bedrock edition\ExternalTools\MessageDebugger\MessageDebugger.cpp(157) :
MESSAGE : I'm a message called by a macro

[2025-03-18 11:57:36] C:\Mes jeux\OpenGL\Nimbus-Miner_-_Bedrock-edition\GameFiles\Nimbus Miner - Bedrock edition\ExternalTools\MessageDebugger\MessageDebugger.cpp(159) :
CUSTOM MESSAGE : I'm a custom message called by a macro (should be Green)

[2025-03-18 11:57:36] C:\Mes jeux\OpenGL\Nimbus-Miner_-_Bedrock-edition\GameFiles\Nimbus Miner - Bedrock edition\ExternalTools\MessageDebugger\MessageDebugger.cpp(168) :
WARNING ! I'm a warning called by a macro

[2025-03-18 11:57:36] C:\Mes jeux\OpenGL\Nimbus-Miner_-_Bedrock-edition\GameFiles\Nimbus Miner - Bedrock edition\ExternalTools\MessageDebugger\MessageDebugger.cpp(169) :
WARNING ! I'm a warning called by a macro, with only the prefix colored

[2025-03-18 11:57:36] C:\Mes jeux\OpenGL\Nimbus-Miner_-_Bedrock-edition\GameFiles\Nimbus Miner - Bedrock edition\ExternalTools\MessageDebugger\MessageDebugger.cpp(178) :
ERROR ! I'm an error called by a macro

[2025-03-18 11:57:36] C:\Mes jeux\OpenGL\Nimbus-Miner_-_Bedrock-edition\GameFiles\Nimbus Miner - Bedrock edition\ExternalTools\MessageDebugger\MessageDebugger.cpp(179) :
ERROR ! I'm an error called by a macro, with only the prefix colored

[2025-03-18 11:57:47] (0) :
========================
 = New program launch = 
========================




[2025-03-18 11:57:47] C:\Mes jeux\OpenGL\Nimbus-Miner_-_Bedrock-edition\GameFiles\Nimbus Miner - Bedrock edition\ExternalTools\MessageDebugger\MessageDebugger.cpp(157) :
MESSAGE : I'm a message called by a macro

[2025-03-18 11:57:47] C:\Mes jeux\OpenGL\Nimbus-Miner_-_Bedrock-edition\GameFiles\Nimbus Miner - Bedrock edition\ExternalTools\MessageDebugger\MessageDebugger.cpp(159) :
CUSTOM MESSAGE : I'm a custom message called by a macro (should be Green)

[2025-03-18 11:57:47] C:\Mes jeux\OpenGL\Nimbus-Miner_-_Bedrock-edition\GameFiles\Nimbus Miner - Bedrock edition\ExternalTools\MessageDebugger\MessageDebugger.cpp(168) :
WARNING ! I'm a warning called by a macro

[2025-03-18 11:57:47] C:\Mes jeux\OpenGL\Nimbus-Miner_-_Bedrock-edition\GameFiles\Nimbus Miner - Bedrock edition\ExternalTools\MessageDebugger\MessageDebugger.cpp(169) :
WARNING ! I'm a warning called by a macro, with only the prefix colored

[2025-03-18 11:57:47] C:\Mes jeux\OpenGL\Nimbus-Miner_-_Bedrock-edition\GameFiles\Nimbus Miner - Bedrock edition\ExternalTools\MessageDebugger\MessageDebugger.cpp(178) :
ERROR ! I'm an error called by a macro

[2025-03-18 11:57:47] C:\Mes jeux\OpenGL\Nimbus-Miner_-_Bedrock-edition\GameFiles\Nimbus Miner - Bedrock edition\ExternalTools\MessageDebugger\MessageDebugger.cpp(179) :
ERROR ! I'm an error called by a macro, with only the prefix colored

[2025-03-18 11:58:04] (0) :
========================
 = New program launch = 
========================




[2025-03-18 11:58:04] C:\Mes jeux\OpenGL\Nimbus-Miner_-_Bedrock-edition\GameFiles\Nimbus Miner - Bedrock edition\ExternalTools\MessageDebugger\MessageDebugger.cpp(157) :
MESSAGE : I'm a message called by a macro

[2025-03-18 11:58:04] C:\Mes jeux\OpenGL\Nimbus-Miner_-_Bedrock-edition\GameFiles\Nimbus Miner - Bedrock edition\ExternalTools\MessageDebugger\MessageDebugger.cpp(159) :
CUSTOM MESSAGE : I'm a custom message called by a macro (should be Green)

[2025-03-18 11:58:04] C:\Mes jeux\OpenGL\Nimbus-Miner_-_Bedrock-edition\GameFiles\Nimbus Miner - Bedrock edition\ExternalTools\MessageDebugger\MessageDebugger.cpp(168) :
WARNING ! I'm a warning called by a macro

[2025-03-18 11:58:04] C:\Mes jeux\OpenGL\Nimbus-Miner_-_Bedrock-edition\GameFiles\Nimbus Miner - Bedrock edition\ExternalTools\MessageDebugger\MessageDebugger.cpp(169) :
WARNING ! I'm a warning called by a macro, with only the prefix colored

[2025-03-18 11:58:04] C:\Mes jeux\OpenGL\Nimbus-Miner_-_Bedrock-edition\GameFiles\Nimbus Miner - Bedrock edition\ExternalTools\MessageDebugger\MessageDebugger.cpp(178) :
ERROR ! I'm an error called by a macro

[2025-03-18 11:58:04] C:\Mes jeux\OpenGL\Nimbus-Miner_-_Bedrock-edition\GameFiles\Nimbus Miner - Bedrock edition\ExternalTools\MessageDebugger\MessageDebugger.cpp(179) :
ERROR ! I'm an error called by a macro, with only the prefix colored

[2025-03-18 11:58:39] (0) :
========================
 = New program launch = 
========================




[2025-03-18 11:58:39] C:\Mes jeux\OpenGL\Nimbus-Miner_-_Bedrock-edition\GameFiles\Nimbus Miner - Bedrock edition\ExternalTools\MessageDebugger\MessageDebugger.cpp(157) :
MESSAGE : I'm a message called by a macro

[2025-03-18 11:58:39] C:\Mes jeux\OpenGL\Nimbus-Miner_-_Bedrock-edition\GameFiles\Nimbus Miner - Bedrock edition\ExternalTools\MessageDebugger\MessageDebugger.cpp(159) :
CUSTOM MESSAGE : I'm a custom message called by a macro (should be Green)

[2025-03-18 11:58:39] C:\Mes jeux\OpenGL\Nimbus-Miner_-_Bedrock-edition\GameFiles\Nimbus Miner - Bedrock edition\ExternalTools\MessageDebugger\MessageDebugger.cpp(168) :
WARNING ! I'm a warning called by a macro

[2025-03-18 11:58:39] C:\Mes jeux\OpenGL\Nimbus-Miner_-_Bedrock-edition\GameFiles\Nimbus Miner - Bedrock edition\ExternalTools\MessageDebugger\MessageDebugger.cpp(169) :
WARNING ! I'm a warning called by a macro, with only the prefix colored

[2025-03-18 11:58:39] C:\Mes jeux\OpenGL\Nimbus-Miner_-_Bedrock-edition\GameFiles\Nimbus Miner - Bedrock edition\ExternalTools\MessageDebugger\MessageDebugger.cpp(178) :
ERROR ! I'm an error called by a macro

[2025-03-18 11:58:39] C:\Mes jeux\OpenGL\Nimbus-Miner_-_Bedrock-edition\GameFiles\Nimbus Miner - Bedrock edition\ExternalTools\MessageDebugger\MessageDebugger.cpp(179) :
ERROR ! I'm an error called by a macro, with only the prefix colored

[2025-03-18 11:59:03] (0) :
========================
 = New program launch = 
========================




[2025-03-18 11:59:03] C:\Mes jeux\OpenGL\Nimbus-Miner_-_Bedrock-edition\GameFiles\Nimbus Miner - Bedrock edition\ExternalTools\MessageDebugger\MessageDebugger.cpp(157) :
MESSAGE : I'm a message called by a macro

[2025-03-18 11:59:03] C:\Mes jeux\OpenGL\Nimbus-Miner_-_Bedrock-edition\GameFiles\Nimbus Miner - Bedrock edition\ExternalTools\MessageDebugger\MessageDebugger.cpp(159) :
CUSTOM MESSAGE : I'm a custom message called by a macro (should be Green)

[2025-03-18 11:59:03] C:\Mes jeux\OpenGL\Nimbus-Miner_-_Bedrock-edition\GameFiles\Nimbus Miner - Bedrock edition\ExternalTools\MessageDebugger\MessageDebugger.cpp(168) :
WARNING ! I'm a warning called by a macro

[2025-03-18 11:59:03] C:\Mes jeux\OpenGL\Nimbus-Miner_-_Bedrock-edition\GameFiles\Nimbus Miner - Bedrock edition\ExternalTools\MessageDebugger\MessageDebugger.cpp(169) :
WARNING ! I'm a warning called by a macro, with only the prefix colored

[2025-03-18 11:59:03] C:\Mes jeux\OpenGL\Nimbus-Miner_-_Bedrock-edition\GameFiles\Nimbus Miner - Bedrock edition\ExternalTools\MessageDebugger\MessageDebugger.cpp(178) :
ERROR ! I'm an error called by a macro

[2025-03-18 11:59:03] C:\Mes jeux\OpenGL\Nimbus-Miner_-_Bedrock-edition\GameFiles\Nimbus Miner - Bedrock edition\ExternalTools\MessageDebugger\MessageDebugger.cpp(179) :
ERROR ! I'm an error called by a macro, with only the prefix colored

[2025-03-18 11:59:17] (0) :
========================
 = New program launch = 
========================




[2025-03-18 11:59:17] C:\Mes jeux\OpenGL\Nimbus-Miner_-_Bedrock-edition\GameFiles\Nimbus Miner - Bedrock edition\ExternalTools\MessageDebugger\MessageDebugger.cpp(157) :
MESSAGE : I'm a message called by a macro

[2025-03-18 11:59:17] C:\Mes jeux\OpenGL\Nimbus-Miner_-_Bedrock-edition\GameFiles\Nimbus Miner - Bedrock edition\ExternalTools\MessageDebugger\MessageDebugger.cpp(159) :
CUSTOM MESSAGE : I'm a custom message called by a macro (should be Green)

[2025-03-18 11:59:17] C:\Mes jeux\OpenGL\Nimbus-Miner_-_Bedrock-edition\GameFiles\Nimbus Miner - Bedrock edition\ExternalTools\MessageDebugger\MessageDebugger.cpp(168) :
WARNING ! I'm a warning called by a macro

[2025-03-18 11:59:17] C:\Mes jeux\OpenGL\Nimbus-Miner_-_Bedrock-edition\GameFiles\Nimbus Miner - Bedrock edition\ExternalTools\MessageDebugger\MessageDebugger.cpp(169) :
WARNING ! I'm a warning called by a macro, with only the prefix colored

[2025-03-18 11:59:17] C:\Mes jeux\OpenGL\Nimbus-Miner_-_Bedrock-edition\GameFiles\Nimbus Miner - Bedrock edition\ExternalTools\MessageDebugger\MessageDebugger.cpp(178) :
ERROR ! I'm an error called by a macro

[2025-03-18 11:59:17] C:\Mes jeux\OpenGL\Nimbus-Miner_-_Bedrock-edition\GameFiles\Nimbus Miner - Bedrock edition\ExternalTools\MessageDebugger\MessageDebugger.cpp(179) :
ERROR ! I'm an error called by a macro, with only the prefix colored

